<?xml version="1.0" encoding="UTF-8"?>
<!-- Generated by org.testng.reporters.JUnitReportReporter -->
<testsuite hostname="Praveen" failures="0" tests="5" name="Testannotation.testann2" time="0.013" errors="0" timestamp="2022-07-20T20:38:23 IST" skipped="0">
  <testcase classname="Testannotation.testann2" name="test1" time="0.001"/>
  <system-out>
    <![CDATA[Hello]]>
  </system-out>
  <testcase classname="Testannotation.testann2" name="test5" time="0.001"/>
  <system-out>
    <![CDATA[Kumar]]>
  </system-out>
  <testcase classname="Testannotation.testann2" name="test4" time="0.004"/>
  <system-out>
    <![CDATA[Praveen]]>
  </system-out>
  <testcase classname="Testannotation.testann2" name="test3" time="0.003"/>
  <system-out>
    <![CDATA[Praveenkb]]>
  </system-out>
  <testcase classname="Testannotation.testann2" name="test2" time="0.004"/>
  <system-out>
    <![CDATA[Bye]]>
  </system-out>
</testsuite> <!-- Testannotation.testann2 -->
