<?xml version="1.0" encoding="UTF-8"?>
<!-- Generated by org.testng.reporters.JUnitReportReporter -->
<testsuite hostname="Praveen" failures="0" tests="1" name="Testannotation.Demo" time="24.191" errors="0" timestamp="2022-07-24T20:26:01 IST" skipped="0">
  <testcase classname="Testannotation.Demo" name="login" time="24.191"/>
  <system-out/>
</testsuite> <!-- Testannotation.Demo -->
