<?xml version="1.0" encoding="UTF-8"?>
<!-- Generated by org.testng.reporters.JUnitReportReporter -->
<testsuite hostname="Praveen" failures="0" tests="5" name="Testannotation.tstann2" time="0.028" errors="0" timestamp="2022-07-20T20:38:23 IST" skipped="0">
  <testcase classname="Testannotation.tstann2" name="test1" time="0.005"/>
  <system-out>
    <![CDATA[Hello]]>
  </system-out>
  <testcase classname="Testannotation.tstann2" name="test1" time="0.003"/>
  <system-out>
    <![CDATA[Hello]]>
  </system-out>
  <testcase classname="Testannotation.tstann2" name="test2" time="0.003"/>
  <system-out>
    <![CDATA[Bye]]>
  </system-out>
  <testcase classname="Testannotation.tstann2" name="test1" time="0.015"/>
  <system-out>
    <![CDATA[Hello]]>
  </system-out>
  <testcase classname="Testannotation.tstann2" name="test5" time="0.002"/>
  <system-out>
    <![CDATA[Kumar]]>
  </system-out>
</testsuite> <!-- Testannotation.tstann2 -->
