<?xml version="1.0" encoding="UTF-8"?>
<!-- Generated by org.testng.reporters.JUnitReportReporter -->
<testsuite hostname="Praveen" failures="0" tests="2" name="Testannotation.tstann1" time="0.006" errors="0" timestamp="2022-07-20T20:38:23 IST" skipped="0">
  <testcase classname="Testannotation.tstann1" name="test2" time="0.004"/>
  <system-out>
    <![CDATA[Bye]]>
  </system-out>
  <testcase classname="Testannotation.tstann1" name="test1" time="0.002"/>
  <system-out>
    <![CDATA[Hello]]>
  </system-out>
</testsuite> <!-- Testannotation.tstann1 -->
