<?xml version="1.0" encoding="UTF-8"?>
<!-- Generated by org.testng.reporters.JUnitReportReporter -->
<testsuite hostname="Praveen" failures="0" tests="5" name="Testannotation.tstann3" time="0.006" errors="0" timestamp="2022-07-20T20:38:23 IST" skipped="3">
  <testcase classname="Testannotation.tstann3" name="test4" time="0.003"/>
  <system-out>
    <![CDATA[Praveen]]>
  </system-out>
  <testcase classname="Testannotation.tstann3" name="test2" time="0.003"/>
  <system-out>
    <![CDATA[Bye]]>
  </system-out>
  <testcase classname="Testannotation.tstann3" name="test3">
    <skipped/>
  </testcase> <!-- test3 -->
  <system-out/>
  <testcase classname="Testannotation.tstann3" name="test5">
    <skipped/>
  </testcase> <!-- test5 -->
  <system-out/>
  <testcase classname="Testannotation.tstann3" name="test1">
    <skipped/>
  </testcase> <!-- test1 -->
  <system-out/>
</testsuite> <!-- Testannotation.tstann3 -->
